#
# There is insufficient memory for the Java Runtime Environment to continue.
# Native memory allocation (mmap) failed to map 65536 bytes. Error detail: Failed to commit metaspace.
# Possible reasons:
#   The system is out of physical RAM or swap space
#   This process is running with CompressedOops enabled, and the Java Heap may be blocking the growth of the native heap
# Possible solutions:
#   Reduce memory load on the system
#   Increase physical memory or swap space
#   Check if swap backing store is full
#   Decrease Java heap size (-Xmx/-Xms)
#   Decrease number of Java threads
#   Decrease Java thread stack sizes (-Xss)
#   Set larger code cache with -XX:ReservedCodeCacheSize=
#   JVM is running with Zero Based Compressed Oops mode in which the Java heap is
#     placed in the first 32GB address space. The Java Heap base address is the
#     maximum limit for the native heap growth. Please use -XX:HeapBaseMinAddress
#     to set the Java Heap base and to place the Java Heap above 32GB virtual address.
# This output file may be truncated or incomplete.
#
#  Out of Memory Error (virtualSpaceNode.cpp:110), pid=666568, tid=678824
#
# JRE version: OpenJDK Runtime Environment Temurin-17.0.13+11 (17.0.13+11) (build 17.0.13+11)
# Java VM: OpenJDK 64-Bit Server VM Temurin-17.0.13+11 (17.0.13+11, mixed mode, emulated-client, sharing, tiered, compressed oops, compressed class ptrs, g1 gc, windows-amd64)
# No core dump will be written. Minidumps are not enabled by default on client versions of Windows
#

---------------  S U M M A R Y ------------

Command Line: -XX:TieredStopAtLevel=1 -Dspring.output.ansi.enabled=always -Dcom.sun.management.jmxremote -Dspring.jmx.enabled=true -Dspring.liveBeansView.mbeanDomain -Dspring.application.admin.enabled=true -Dmanagement.endpoints.jmx.exposure.include=* -javaagent:C:\Program Files\JetBrains\IntelliJ IDEA 2024.3\lib\idea_rt.jar=60730:C:\Program Files\JetBrains\IntelliJ IDEA 2024.3\bin -Dfile.encoding=UTF-8 com.bolsadeideas.springboot.app.SpringBootDataJpaApplication

Host: AMD Ryzen 9 7900 12-Core Processor             , 24 cores, 63G,  Windows 10 , 64 bit Build 19041 (10.0.19041.5678)
Time: Fri May  2 20:23:46 2025 Hora de verano romance elapsed time: 0.140592 seconds (0d 0h 0m 0s)

---------------  T H R E A D  ---------------

Current thread (0x00000240b53a9810):  JavaThread "main" [_thread_in_vm, id=678824, stack(0x000000b0fc200000,0x000000b0fc300000)]

Stack: [0x000000b0fc200000,0x000000b0fc300000]
Native frames: (J=compiled Java code, j=interpreted, Vv=VM code, C=native code)
V  [jvm.dll+0x682a19]
V  [jvm.dll+0x839538]
V  [jvm.dll+0x83afe3]
V  [jvm.dll+0x83b653]
V  [jvm.dll+0x24704f]
V  [jvm.dll+0x83530d]
V  [jvm.dll+0x62762e]
V  [jvm.dll+0x62769a]
V  [jvm.dll+0x629ec3]
V  [jvm.dll+0x627ff6]
V  [jvm.dll+0x23c260]
V  [jvm.dll+0x1e9687]
V  [jvm.dll+0x1df251]
V  [jvm.dll+0x54611b]
V  [jvm.dll+0x1efdda]
V  [jvm.dll+0x7b243b]
V  [jvm.dll+0x7b3859]
V  [jvm.dll+0x7b3bb8]
V  [jvm.dll+0x23eb4b]
V  [jvm.dll+0x3814de]
C  0x00000240bcee99a4

The last pc belongs to new (printed below).
Java frames: (J=compiled Java code, j=interpreted, Vv=VM code)
j  com.sun.jmx.mbeanserver.JmxMBeanServer.<init>(Ljava/lang/String;Ljavax/management/MBeanServer;Ljavax/management/MBeanServerDelegate;Lcom/sun/jmx/mbeanserver/MBeanInstantiator;ZZ)V+110 java.management@17.0.13
j  com.sun.jmx.mbeanserver.JmxMBeanServer.newMBeanServer(Ljava/lang/String;Ljavax/management/MBeanServer;Ljavax/management/MBeanServerDelegate;Z)Ljavax/management/MBeanServer;+16 java.management@17.0.13
j  javax.management.MBeanServerBuilder.newMBeanServer(Ljava/lang/String;Ljavax/management/MBeanServer;Ljavax/management/MBeanServerDelegate;)Ljavax/management/MBeanServer;+4 java.management@17.0.13
j  javax.management.MBeanServerFactory.newMBeanServer(Ljava/lang/String;)Ljavax/management/MBeanServer;+40 java.management@17.0.13
j  javax.management.MBeanServerFactory.createMBeanServer(Ljava/lang/String;)Ljavax/management/MBeanServer;+6 java.management@17.0.13
j  javax.management.MBeanServerFactory.createMBeanServer()Ljavax/management/MBeanServer;+1 java.management@17.0.13
j  java.lang.management.ManagementFactory.getPlatformMBeanServer()Ljavax/management/MBeanServer;+29 java.management@17.0.13
j  sun.management.jmxremote.ConnectorBootstrap.startLocalConnectorServer()Ljavax/management/remote/JMXConnectorServer;+88 jdk.management.agent@17.0.13
j  jdk.internal.agent.Agent.startLocalManagementAgent()V+13 jdk.management.agent@17.0.13
j  jdk.internal.agent.Agent.startAgent(Ljava/util/Properties;)V+58 jdk.management.agent@17.0.13
j  jdk.internal.agent.Agent.startAgent()V+20 jdk.management.agent@17.0.13
v  ~StubRoutines::call_stub
new  187 new  [0x00000240bcee9800, 0x00000240bcee9a20]  544 bytes
[MachCode]
  0x00000240bcee9800: 4883 ec08 | c5fa 1104 | 24eb 1f48 | 83ec 10c5 | fb11 0424 | eb14 4883 | ec10 4889 | 0424 48c7 
  0x00000240bcee9820: 4424 0800 | 0000 00eb | 0150 410f | b755 010f | cac1 ea10 | 488b 4de8 | 488b 4908 | 488b 4908 
  0x00000240bcee9840: 488b 4108 | 807c 1004 | 070f 85df | 0000 0066 | 8b54 d148 | 488b 4928 | 488b 4cd1 | 0851 80b9 
  0x00000240bcee9860: 3301 0000 | 040f 85c2 | 0000 008b | 5108 f7c2 | 0100 0000 | 0f85 b300 | 0000 498b | 8708 0100 
  0x00000240bcee9880: 0048 8d1c | 1049 3b9f | 1801 0000 | 0f87 9b00 | 0000 4989 | 9f08 0100 | 00e9 0000 | 0000 4883 
  0x00000240bcee98a0: ea10 0f84 | 0f00 0000 | 33c9 c1ea | 0348 894c | d008 48ff | ca75 f648 | c700 0100 | 0000 5933 
  0x00000240bcee98c0: f689 700c | 49ba 0000 | 00ea 4002 | 0000 492b | ca89 4808 | 49ba 7fc6 | 8e8f f97f | 0000 4180 
  0x00000240bcee98e0: 3a00 0f84 | 4000 0000 | 5048 8bc8 | 4883 ec20 | f7c4 0f00 | 0000 0f84 | 1a00 0000 | 4883 ec08 
  0x00000240bcee9900: 49ba 8086 | 448f f97f | 0000 41ff | d248 83c4 | 08e9 0d00 | 0000 49ba | 8086 448f | f97f 0000 
  0x00000240bcee9920: 41ff d248 | 83c4 2058 | e9cd 0000 | 0059 488b | 55e8 488b | 5208 488b | 5208 450f | b745 0141 
  0x00000240bcee9940: 0fc8 41c1 | e810 e805 | 0000 00e9 | aa00 0000 | 488d 4424 | 084c 896d | c049 8bcf | c5f8 7749 
  0x00000240bcee9960: 89af a802 | 0000 4989 | 8798 0200 | 0048 83ec | 20f7 c40f | 0000 000f | 841a 0000 | 0048 83ec 
  0x00000240bcee9980: 0849 ba90 | 140e 8ff9 | 7f00 0041 | ffd2 4883 | c408 e90d | 0000 0049 | ba90 140e | 8ff9 7f00 
  0x00000240bcee99a0: 0041 ffd2 | 4883 c420 | 49c7 8798 | 0200 0000 | 0000 0049 | c787 a802 | 0000 0000 | 0000 49c7 
  0x00000240bcee99c0: 87a0 0200 | 0000 0000 | 00c5 f877 | 4981 7f08 | 0000 0000 | 0f84 0500 | 0000 e921 | 75fe ff49 
  0x00000240bcee99e0: 8b87 f002 | 0000 49c7 | 87f0 0200 | 0000 0000 | 004c 8b6d | c04c 8b75 | c8c3 410f | b65d 0349 
  0x00000240bcee9a00: 83c5 0349 | ba00 3791 | 8ff9 7f00 | 0041 ff24 | da0f 1f80 | 0000 0000 | 0000 0000 | 0000 0000 
[/MachCode]

---------------  P R O C E S S  ---------------

Threads class SMR info:
_java_thread_list=0x000002412f6429b0, length=16, elements={
0x00000240b53a9810, 0x00000240c0c80940, 0x00000240c0c81500, 0x00000240e9a89f80,
0x00000240e9a8a750, 0x00000240e9a8e130, 0x00000240e9a912a0, 0x00000240e9a91d10,
0x00000240e9a96b50, 0x00000240c0c66f40, 0x00000240c0c67820, 0x00000240e9c41600,
0x00000240e9c41b20, 0x00000240e9c462e0, 0x000002412f652a20, 0x000002412f6634c0
}

Java Threads: ( => current thread )
=>0x00000240b53a9810 JavaThread "main" [_thread_in_vm, id=678824, stack(0x000000b0fc200000,0x000000b0fc300000)]
  0x00000240c0c80940 JavaThread "Reference Handler" daemon [_thread_blocked, id=637472, stack(0x000000b0fc900000,0x000000b0fca00000)]
  0x00000240c0c81500 JavaThread "Finalizer" daemon [_thread_blocked, id=20432, stack(0x000000b0fca00000,0x000000b0fcb00000)]
  0x00000240e9a89f80 JavaThread "Signal Dispatcher" daemon [_thread_blocked, id=678348, stack(0x000000b0fcb00000,0x000000b0fcc00000)]
  0x00000240e9a8a750 JavaThread "Attach Listener" daemon [_thread_blocked, id=676204, stack(0x000000b0fcc00000,0x000000b0fcd00000)]
  0x00000240e9a8e130 JavaThread "Service Thread" daemon [_thread_blocked, id=678816, stack(0x000000b0fcd00000,0x000000b0fce00000)]
  0x00000240e9a912a0 JavaThread "Monitor Deflation Thread" daemon [_thread_blocked, id=673776, stack(0x000000b0fce00000,0x000000b0fcf00000)]
  0x00000240e9a91d10 JavaThread "C1 CompilerThread0" daemon [_thread_blocked, id=676400, stack(0x000000b0fcf00000,0x000000b0fd000000)]
  0x00000240e9a96b50 JavaThread "Sweeper thread" daemon [_thread_blocked, id=655812, stack(0x000000b0fd000000,0x000000b0fd100000)]
  0x00000240c0c66f40 JavaThread "Common-Cleaner" daemon [_thread_blocked, id=660144, stack(0x000000b0fd100000,0x000000b0fd200000)]
  0x00000240c0c67820 JavaThread "C1 CompilerThread1" daemon [_thread_blocked, id=662540, stack(0x000000b0fd200000,0x000000b0fd300000)]
  0x00000240e9c41600 JavaThread "C1 CompilerThread2" daemon [_thread_blocked, id=667828, stack(0x000000b0fd300000,0x000000b0fd400000)]
  0x00000240e9c41b20 JavaThread "C1 CompilerThread3" daemon [_thread_blocked, id=678052, stack(0x000000b0fd400000,0x000000b0fd500000)]
  0x00000240e9c462e0 JavaThread "C1 CompilerThread4" daemon [_thread_blocked, id=674924, stack(0x000000b0fd500000,0x000000b0fd600000)]
  0x000002412f652a20 JavaThread "Monitor Ctrl-Break" daemon [_thread_in_native, id=670204, stack(0x000000b0fd600000,0x000000b0fd700000)]
  0x000002412f6634c0 JavaThread "Notification Thread" daemon [_thread_blocked, id=674000, stack(0x000000b0fd700000,0x000000b0fd800000)]

Other Threads:
  0x00000240c0c7b3a0 VMThread "VM Thread" [stack: 0x000000b0fc800000,0x000000b0fc900000] [id=669336]
  0x00000240b541ac70 GCTaskThread "GC Thread#0" [stack: 0x000000b0fc300000,0x000000b0fc400000] [id=660768]
  0x00000240b542b700 ConcurrentGCThread "G1 Main Marker" [stack: 0x000000b0fc400000,0x000000b0fc500000] [id=673232]
  0x00000240b542c120 ConcurrentGCThread "G1 Conc#0" [stack: 0x000000b0fc500000,0x000000b0fc600000] [id=666852]
  0x00000240c0c53060 ConcurrentGCThread "G1 Refine#0" [stack: 0x000000b0fc600000,0x000000b0fc700000] [id=676624]
  0x00000240c0c54aa0 ConcurrentGCThread "G1 Service" [stack: 0x000000b0fc700000,0x000000b0fc800000] [id=13424]

Threads with active compile tasks:

VM state: not at safepoint (normal execution)

VM Mutex/Monitor currently owned by a thread:  ([mutex/lock_event])
[0x00000240b53a30a0] Metaspace_lock - owner thread: 0x00000240b53a9810

Heap address: 0x000000040d800000, size: 16168 MB, Compressed Oops mode: Zero based, Oop shift amount: 3

CDS archive(s) mapped at: [0x00000240ea000000-0x00000240eabb0000-0x00000240eabb0000), size 12255232, SharedBaseAddress: 0x00000240ea000000, ArchiveRelocationMode: 1.
Compressed class space mapped at: 0x00000240eb000000-0x000002412b000000, reserved size: 1073741824
Narrow klass base: 0x00000240ea000000, Narrow klass shift: 0, Narrow klass range: 0x100000000

GC Precious Log:
 CPUs: 24 total, 24 available
 Memory: 64660M
 Large Page Support: Disabled
 NUMA Support: Disabled
 Compressed Oops: Enabled (Zero based)
 Heap Region Size: 8M
 Heap Min Capacity: 8M
 Heap Initial Capacity: 1016M
 Heap Max Capacity: 16168M
 Pre-touch: Disabled
 Parallel Workers: 18
 Concurrent Workers: 5
 Concurrent Refinement Workers: 18
 Periodic GC: Disabled

Heap:
 garbage-first heap   total 1040384K, used 16384K [0x000000040d800000, 0x0000000800000000)
  region size 8192K, 3 young (24576K), 0 survivors (0K)
 Metaspace       used 1366K, committed 1472K, reserved 1114112K
  class space    used 132K, committed 192K, reserved 1048576K

Heap Regions: E=young(eden), S=young(survivor), O=old, HS=humongous(starts), HC=humongous(continues), CS=collection set, F=free, OA=open archive, CA=closed archive, TAMS=top-at-mark-start (previous, next)
|   0|0x000000040d800000, 0x000000040d800000, 0x000000040e000000|  0%| F|  |TAMS 0x000000040d800000, 0x000000040d800000| Untracked 
|   1|0x000000040e000000, 0x000000040e000000, 0x000000040e800000|  0%| F|  |TAMS 0x000000040e000000, 0x000000040e000000| Untracked 
|   2|0x000000040e800000, 0x000000040e800000, 0x000000040f000000|  0%| F|  |TAMS 0x000000040e800000, 0x000000040e800000| Untracked 
|   3|0x000000040f000000, 0x000000040f000000, 0x000000040f800000|  0%| F|  |TAMS 0x000000040f000000, 0x000000040f000000| Untracked 
|   4|0x000000040f800000, 0x000000040f800000, 0x0000000410000000|  0%| F|  |TAMS 0x000000040f800000, 0x000000040f800000| Untracked 
|   5|0x0000000410000000, 0x0000000410000000, 0x0000000410800000|  0%| F|  |TAMS 0x0000000410000000, 0x0000000410000000| Untracked 
|   6|0x0000000410800000, 0x0000000410800000, 0x0000000411000000|  0%| F|  |TAMS 0x0000000410800000, 0x0000000410800000| Untracked 
|   7|0x0000000411000000, 0x0000000411000000, 0x0000000411800000|  0%| F|  |TAMS 0x0000000411000000, 0x0000000411000000| Untracked 
|   8|0x0000000411800000, 0x0000000411800000, 0x0000000412000000|  0%| F|  |TAMS 0x0000000411800000, 0x0000000411800000| Untracked 
|   9|0x0000000412000000, 0x0000000412000000, 0x0000000412800000|  0%| F|  |TAMS 0x0000000412000000, 0x0000000412000000| Untracked 
|  10|0x0000000412800000, 0x0000000412800000, 0x0000000413000000|  0%| F|  |TAMS 0x0000000412800000, 0x0000000412800000| Untracked 
|  11|0x0000000413000000, 0x0000000413000000, 0x0000000413800000|  0%| F|  |TAMS 0x0000000413000000, 0x0000000413000000| Untracked 
|  12|0x0000000413800000, 0x0000000413800000, 0x0000000414000000|  0%| F|  |TAMS 0x0000000413800000, 0x0000000413800000| Untracked 
|  13|0x0000000414000000, 0x0000000414000000, 0x0000000414800000|  0%| F|  |TAMS 0x0000000414000000, 0x0000000414000000| Untracked 
|  14|0x0000000414800000, 0x0000000414800000, 0x0000000415000000|  0%| F|  |TAMS 0x0000000414800000, 0x0000000414800000| Untracked 
|  15|0x0000000415000000, 0x0000000415000000, 0x0000000415800000|  0%| F|  |TAMS 0x0000000415000000, 0x0000000415000000| Untracked 
|  16|0x0000000415800000, 0x0000000415800000, 0x0000000416000000|  0%| F|  |TAMS 0x0000000415800000, 0x0000000415800000| Untracked 
|  17|0x0000000416000000, 0x0000000416000000, 0x0000000416800000|  0%| F|  |TAMS 0x0000000416000000, 0x0000000416000000| Untracked 
|  18|0x0000000416800000, 0x0000000416800000, 0x0000000417000000|  0%| F|  |TAMS 0x0000000416800000, 0x0000000416800000| Untracked 
|  19|0x0000000417000000, 0x0000000417000000, 0x0000000417800000|  0%| F|  |TAMS 0x0000000417000000, 0x0000000417000000| Untracked 
|  20|0x0000000417800000, 0x0000000417800000, 0x0000000418000000|  0%| F|  |TAMS 0x0000000417800000, 0x0000000417800000| Untracked 
|  21|0x0000000418000000, 0x0000000418000000, 0x0000000418800000|  0%| F|  |TAMS 0x0000000418000000, 0x0000000418000000| Untracked 
|  22|0x0000000418800000, 0x0000000418800000, 0x0000000419000000|  0%| F|  |TAMS 0x0000000418800000, 0x0000000418800000| Untracked 
|  23|0x0000000419000000, 0x0000000419000000, 0x0000000419800000|  0%| F|  |TAMS 0x0000000419000000, 0x0000000419000000| Untracked 
|  24|0x0000000419800000, 0x0000000419800000, 0x000000041a000000|  0%| F|  |TAMS 0x0000000419800000, 0x0000000419800000| Untracked 
|  25|0x000000041a000000, 0x000000041a000000, 0x000000041a800000|  0%| F|  |TAMS 0x000000041a000000, 0x000000041a000000| Untracked 
|  26|0x000000041a800000, 0x000000041a800000, 0x000000041b000000|  0%| F|  |TAMS 0x000000041a800000, 0x000000041a800000| Untracked 
|  27|0x000000041b000000, 0x000000041b000000, 0x000000041b800000|  0%| F|  |TAMS 0x000000041b000000, 0x000000041b000000| Untracked 
|  28|0x000000041b800000, 0x000000041b800000, 0x000000041c000000|  0%| F|  |TAMS 0x000000041b800000, 0x000000041b800000| Untracked 
|  29|0x000000041c000000, 0x000000041c000000, 0x000000041c800000|  0%| F|  |TAMS 0x000000041c000000, 0x000000041c000000| Untracked 
|  30|0x000000041c800000, 0x000000041c800000, 0x000000041d000000|  0%| F|  |TAMS 0x000000041c800000, 0x000000041c800000| Untracked 
|  31|0x000000041d000000, 0x000000041d000000, 0x000000041d800000|  0%| F|  |TAMS 0x000000041d000000, 0x000000041d000000| Untracked 
|  32|0x000000041d800000, 0x000000041d800000, 0x000000041e000000|  0%| F|  |TAMS 0x000000041d800000, 0x000000041d800000| Untracked 
|  33|0x000000041e000000, 0x000000041e000000, 0x000000041e800000|  0%| F|  |TAMS 0x000000041e000000, 0x000000041e000000| Untracked 
|  34|0x000000041e800000, 0x000000041e800000, 0x000000041f000000|  0%| F|  |TAMS 0x000000041e800000, 0x000000041e800000| Untracked 
|  35|0x000000041f000000, 0x000000041f000000, 0x000000041f800000|  0%| F|  |TAMS 0x000000041f000000, 0x000000041f000000| Untracked 
|  36|0x000000041f800000, 0x000000041f800000, 0x0000000420000000|  0%| F|  |TAMS 0x000000041f800000, 0x000000041f800000| Untracked 
|  37|0x0000000420000000, 0x0000000420000000, 0x0000000420800000|  0%| F|  |TAMS 0x0000000420000000, 0x0000000420000000| Untracked 
|  38|0x0000000420800000, 0x0000000420800000, 0x0000000421000000|  0%| F|  |TAMS 0x0000000420800000, 0x0000000420800000| Untracked 
|  39|0x0000000421000000, 0x0000000421000000, 0x0000000421800000|  0%| F|  |TAMS 0x0000000421000000, 0x0000000421000000| Untracked 
|  40|0x0000000421800000, 0x0000000421800000, 0x0000000422000000|  0%| F|  |TAMS 0x0000000421800000, 0x0000000421800000| Untracked 
|  41|0x0000000422000000, 0x0000000422000000, 0x0000000422800000|  0%| F|  |TAMS 0x0000000422000000, 0x0000000422000000| Untracked 
|  42|0x0000000422800000, 0x0000000422800000, 0x0000000423000000|  0%| F|  |TAMS 0x0000000422800000, 0x0000000422800000| Untracked 
|  43|0x0000000423000000, 0x0000000423000000, 0x0000000423800000|  0%| F|  |TAMS 0x0000000423000000, 0x0000000423000000| Untracked 
|  44|0x0000000423800000, 0x0000000423800000, 0x0000000424000000|  0%| F|  |TAMS 0x0000000423800000, 0x0000000423800000| Untracked 
|  45|0x0000000424000000, 0x0000000424000000, 0x0000000424800000|  0%| F|  |TAMS 0x0000000424000000, 0x0000000424000000| Untracked 
|  46|0x0000000424800000, 0x0000000424800000, 0x0000000425000000|  0%| F|  |TAMS 0x0000000424800000, 0x0000000424800000| Untracked 
|  47|0x0000000425000000, 0x0000000425000000, 0x0000000425800000|  0%| F|  |TAMS 0x0000000425000000, 0x0000000425000000| Untracked 
|  48|0x0000000425800000, 0x0000000425800000, 0x0000000426000000|  0%| F|  |TAMS 0x0000000425800000, 0x0000000425800000| Untracked 
|  49|0x0000000426000000, 0x0000000426000000, 0x0000000426800000|  0%| F|  |TAMS 0x0000000426000000, 0x0000000426000000| Untracked 
|  50|0x0000000426800000, 0x0000000426800000, 0x0000000427000000|  0%| F|  |TAMS 0x0000000426800000, 0x0000000426800000| Untracked 
|  51|0x0000000427000000, 0x0000000427000000, 0x0000000427800000|  0%| F|  |TAMS 0x0000000427000000, 0x0000000427000000| Untracked 
|  52|0x0000000427800000, 0x0000000427800000, 0x0000000428000000|  0%| F|  |TAMS 0x0000000427800000, 0x0000000427800000| Untracked 
|  53|0x0000000428000000, 0x0000000428000000, 0x0000000428800000|  0%| F|  |TAMS 0x0000000428000000, 0x0000000428000000| Untracked 
|  54|0x0000000428800000, 0x0000000428800000, 0x0000000429000000|  0%| F|  |TAMS 0x0000000428800000, 0x0000000428800000| Untracked 
|  55|0x0000000429000000, 0x0000000429000000, 0x0000000429800000|  0%| F|  |TAMS 0x0000000429000000, 0x0000000429000000| Untracked 
|  56|0x0000000429800000, 0x0000000429800000, 0x000000042a000000|  0%| F|  |TAMS 0x0000000429800000, 0x0000000429800000| Untracked 
|  57|0x000000042a000000, 0x000000042a000000, 0x000000042a800000|  0%| F|  |TAMS 0x000000042a000000, 0x000000042a000000| Untracked 
|  58|0x000000042a800000, 0x000000042a800000, 0x000000042b000000|  0%| F|  |TAMS 0x000000042a800000, 0x000000042a800000| Untracked 
|  59|0x000000042b000000, 0x000000042b000000, 0x000000042b800000|  0%| F|  |TAMS 0x000000042b000000, 0x000000042b000000| Untracked 
|  60|0x000000042b800000, 0x000000042b800000, 0x000000042c000000|  0%| F|  |TAMS 0x000000042b800000, 0x000000042b800000| Untracked 
|  61|0x000000042c000000, 0x000000042c000000, 0x000000042c800000|  0%| F|  |TAMS 0x000000042c000000, 0x000000042c000000| Untracked 
|  62|0x000000042c800000, 0x000000042c800000, 0x000000042d000000|  0%| F|  |TAMS 0x000000042c800000, 0x000000042c800000| Untracked 
|  63|0x000000042d000000, 0x000000042d000000, 0x000000042d800000|  0%| F|  |TAMS 0x000000042d000000, 0x000000042d000000| Untracked 
|  64|0x000000042d800000, 0x000000042d800000, 0x000000042e000000|  0%| F|  |TAMS 0x000000042d800000, 0x000000042d800000| Untracked 
|  65|0x000000042e000000, 0x000000042e000000, 0x000000042e800000|  0%| F|  |TAMS 0x000000042e000000, 0x000000042e000000| Untracked 
|  66|0x000000042e800000, 0x000000042e800000, 0x000000042f000000|  0%| F|  |TAMS 0x000000042e800000, 0x000000042e800000| Untracked 
|  67|0x000000042f000000, 0x000000042f000000, 0x000000042f800000|  0%| F|  |TAMS 0x000000042f000000, 0x000000042f000000| Untracked 
|  68|0x000000042f800000, 0x000000042f800000, 0x0000000430000000|  0%| F|  |TAMS 0x000000042f800000, 0x000000042f800000| Untracked 
|  69|0x0000000430000000, 0x0000000430000000, 0x0000000430800000|  0%| F|  |TAMS 0x0000000430000000, 0x0000000430000000| Untracked 
|  70|0x0000000430800000, 0x0000000430800000, 0x0000000431000000|  0%| F|  |TAMS 0x0000000430800000, 0x0000000430800000| Untracked 
|  71|0x0000000431000000, 0x0000000431000000, 0x0000000431800000|  0%| F|  |TAMS 0x0000000431000000, 0x0000000431000000| Untracked 
|  72|0x0000000431800000, 0x0000000431800000, 0x0000000432000000|  0%| F|  |TAMS 0x0000000431800000, 0x0000000431800000| Untracked 
|  73|0x0000000432000000, 0x0000000432000000, 0x0000000432800000|  0%| F|  |TAMS 0x0000000432000000, 0x0000000432000000| Untracked 
|  74|0x0000000432800000, 0x0000000432800000, 0x0000000433000000|  0%| F|  |TAMS 0x0000000432800000, 0x0000000432800000| Untracked 
|  75|0x0000000433000000, 0x0000000433000000, 0x0000000433800000|  0%| F|  |TAMS 0x0000000433000000, 0x0000000433000000| Untracked 
|  76|0x0000000433800000, 0x0000000433800000, 0x0000000434000000|  0%| F|  |TAMS 0x0000000433800000, 0x0000000433800000| Untracked 
|  77|0x0000000434000000, 0x0000000434000000, 0x0000000434800000|  0%| F|  |TAMS 0x0000000434000000, 0x0000000434000000| Untracked 
|  78|0x0000000434800000, 0x0000000434800000, 0x0000000435000000|  0%| F|  |TAMS 0x0000000434800000, 0x0000000434800000| Untracked 
|  79|0x0000000435000000, 0x0000000435000000, 0x0000000435800000|  0%| F|  |TAMS 0x0000000435000000, 0x0000000435000000| Untracked 
|  80|0x0000000435800000, 0x0000000435800000, 0x0000000436000000|  0%| F|  |TAMS 0x0000000435800000, 0x0000000435800000| Untracked 
|  81|0x0000000436000000, 0x0000000436000000, 0x0000000436800000|  0%| F|  |TAMS 0x0000000436000000, 0x0000000436000000| Untracked 
|  82|0x0000000436800000, 0x0000000436800000, 0x0000000437000000|  0%| F|  |TAMS 0x0000000436800000, 0x0000000436800000| Untracked 
|  83|0x0000000437000000, 0x0000000437000000, 0x0000000437800000|  0%| F|  |TAMS 0x0000000437000000, 0x0000000437000000| Untracked 
|  84|0x0000000437800000, 0x0000000437800000, 0x0000000438000000|  0%| F|  |TAMS 0x0000000437800000, 0x0000000437800000| Untracked 
|  85|0x0000000438000000, 0x0000000438000000, 0x0000000438800000|  0%| F|  |TAMS 0x0000000438000000, 0x0000000438000000| Untracked 
|  86|0x0000000438800000, 0x0000000438800000, 0x0000000439000000|  0%| F|  |TAMS 0x0000000438800000, 0x0000000438800000| Untracked 
|  87|0x0000000439000000, 0x0000000439000000, 0x0000000439800000|  0%| F|  |TAMS 0x0000000439000000, 0x0000000439000000| Untracked 
|  88|0x0000000439800000, 0x0000000439800000, 0x000000043a000000|  0%| F|  |TAMS 0x0000000439800000, 0x0000000439800000| Untracked 
|  89|0x000000043a000000, 0x000000043a000000, 0x000000043a800000|  0%| F|  |TAMS 0x000000043a000000, 0x000000043a000000| Untracked 
|  90|0x000000043a800000, 0x000000043a800000, 0x000000043b000000|  0%| F|  |TAMS 0x000000043a800000, 0x000000043a800000| Untracked 
|  91|0x000000043b000000, 0x000000043b000000, 0x000000043b800000|  0%| F|  |TAMS 0x000000043b000000, 0x000000043b000000| Untracked 
|  92|0x000000043b800000, 0x000000043b800000, 0x000000043c000000|  0%| F|  |TAMS 0x000000043b800000, 0x000000043b800000| Untracked 
|  93|0x000000043c000000, 0x000000043c000000, 0x000000043c800000|  0%| F|  |TAMS 0x000000043c000000, 0x000000043c000000| Untracked 
|  94|0x000000043c800000, 0x000000043c800000, 0x000000043d000000|  0%| F|  |TAMS 0x000000043c800000, 0x000000043c800000| Untracked 
|  95|0x000000043d000000, 0x000000043d000000, 0x000000043d800000|  0%| F|  |TAMS 0x000000043d000000, 0x000000043d000000| Untracked 
|  96|0x000000043d800000, 0x000000043d800000, 0x000000043e000000|  0%| F|  |TAMS 0x000000043d800000, 0x000000043d800000| Untracked 
|  97|0x000000043e000000, 0x000000043e000000, 0x000000043e800000|  0%| F|  |TAMS 0x000000043e000000, 0x000000043e000000| Untracked 
|  98|0x000000043e800000, 0x000000043e800000, 0x000000043f000000|  0%| F|  |TAMS 0x000000043e800000, 0x000000043e800000| Untracked 
|  99|0x000000043f000000, 0x000000043f000000, 0x000000043f800000|  0%| F|  |TAMS 0x000000043f000000, 0x000000043f000000| Untracked 
| 100|0x000000043f800000, 0x000000043f800000, 0x0000000440000000|  0%| F|  |TAMS 0x000000043f800000, 0x000000043f800000| Untracked 
| 101|0x0000000440000000, 0x0000000440000000, 0x0000000440800000|  0%| F|  |TAMS 0x0000000440000000, 0x0000000440000000| Untracked 
| 102|0x0000000440800000, 0x0000000440800000, 0x0000000441000000|  0%| F|  |TAMS 0x0000000440800000, 0x0000000440800000| Untracked 
| 103|0x0000000441000000, 0x0000000441000000, 0x0000000441800000|  0%| F|  |TAMS 0x0000000441000000, 0x0000000441000000| Untracked 
| 104|0x0000000441800000, 0x0000000441800000, 0x0000000442000000|  0%| F|  |TAMS 0x0000000441800000, 0x0000000441800000| Untracked 
| 105|0x0000000442000000, 0x0000000442000000, 0x0000000442800000|  0%| F|  |TAMS 0x0000000442000000, 0x0000000442000000| Untracked 
| 106|0x0000000442800000, 0x0000000442800000, 0x0000000443000000|  0%| F|  |TAMS 0x0000000442800000, 0x0000000442800000| Untracked 
| 107|0x0000000443000000, 0x0000000443000000, 0x0000000443800000|  0%| F|  |TAMS 0x0000000443000000, 0x0000000443000000| Untracked 
| 108|0x0000000443800000, 0x0000000443800000, 0x0000000444000000|  0%| F|  |TAMS 0x0000000443800000, 0x0000000443800000| Untracked 
| 109|0x0000000444000000, 0x0000000444000000, 0x0000000444800000|  0%| F|  |TAMS 0x0000000444000000, 0x0000000444000000| Untracked 
| 110|0x0000000444800000, 0x0000000444800000, 0x0000000445000000|  0%| F|  |TAMS 0x0000000444800000, 0x0000000444800000| Untracked 
| 111|0x0000000445000000, 0x0000000445000000, 0x0000000445800000|  0%| F|  |TAMS 0x0000000445000000, 0x0000000445000000| Untracked 
| 112|0x0000000445800000, 0x0000000445800000, 0x0000000446000000|  0%| F|  |TAMS 0x0000000445800000, 0x0000000445800000| Untracked 
| 113|0x0000000446000000, 0x0000000446000000, 0x0000000446800000|  0%| F|  |TAMS 0x0000000446000000, 0x0000000446000000| Untracked 
| 114|0x0000000446800000, 0x0000000446800000, 0x0000000447000000|  0%| F|  |TAMS 0x0000000446800000, 0x0000000446800000| Untracked 
| 115|0x0000000447000000, 0x0000000447000000, 0x0000000447800000|  0%| F|  |TAMS 0x0000000447000000, 0x0000000447000000| Untracked 
| 116|0x0000000447800000, 0x0000000447800000, 0x0000000448000000|  0%| F|  |TAMS 0x0000000447800000, 0x0000000447800000| Untracked 
| 117|0x0000000448000000, 0x0000000448000000, 0x0000000448800000|  0%| F|  |TAMS 0x0000000448000000, 0x0000000448000000| Untracked 
| 118|0x0000000448800000, 0x0000000448800000, 0x0000000449000000|  0%| F|  |TAMS 0x0000000448800000, 0x0000000448800000| Untracked 
| 119|0x0000000449000000, 0x0000000449000000, 0x0000000449800000|  0%| F|  |TAMS 0x0000000449000000, 0x0000000449000000| Untracked 
| 120|0x0000000449800000, 0x0000000449800000, 0x000000044a000000|  0%| F|  |TAMS 0x0000000449800000, 0x0000000449800000| Untracked 
| 121|0x000000044a000000, 0x000000044a000000, 0x000000044a800000|  0%| F|  |TAMS 0x000000044a000000, 0x000000044a000000| Untracked 
| 122|0x000000044a800000, 0x000000044a800000, 0x000000044b000000|  0%| F|  |TAMS 0x000000044a800000, 0x000000044a800000| Untracked 
| 123|0x000000044b000000, 0x000000044b000000, 0x000000044b800000|  0%| F|  |TAMS 0x000000044b000000, 0x000000044b000000| Untracked 
| 124|0x000000044b800000, 0x000000044bbd7170, 0x000000044c000000| 48%| E|  |TAMS 0x000000044b800000, 0x000000044b800000| Complete 
| 125|0x000000044c000000, 0x000000044c800000, 0x000000044c800000|100%| E|CS|TAMS 0x000000044c000000, 0x000000044c000000| Complete 
| 126|0x000000044c800000, 0x000000044d000000, 0x000000044d000000|100%| E|CS|TAMS 0x000000044c800000, 0x000000044c800000| Complete 

Card table byte_map: [0x00000240c2c30000,0x00000240c4bd0000] _byte_map_base: 0x00000240c0bc4000

Marking Bits (Prev, Next): (CMBitMap*) 0x00000240b541b0a0, (CMBitMap*) 0x00000240b541b0e0
 Prev Bits: [0x00000240c6b70000, 0x00000240d6810000)
 Next Bits: [0x00000240d6810000, 0x00000240e64b0000)

Polling page: 0x00000240b32f0000

Metaspace:

Usage:
  Non-class:      1.21 MB used.
      Class:    132.23 KB used.
       Both:      1.33 MB used.

Virtual space:
  Non-class space:       64.00 MB reserved,       1.25 MB (  2%) committed,  1 nodes.
      Class space:        1.00 GB reserved,     192.00 KB ( <1%) committed,  1 nodes.
             Both:        1.06 GB reserved,       1.44 MB ( <1%) committed. 

Chunk freelists:
   Non-Class:  11.97 MB
       Class:  15.74 MB
        Both:  27.71 MB

MaxMetaspaceSize: unlimited
CompressedClassSpaceSize: 1.00 GB
Initial GC threshold: 21.00 MB
Current GC threshold: 21.00 MB
CDS: on
MetaspaceReclaimPolicy: balanced
 - commit_granule_bytes: 65536.
 - commit_granule_words: 8192.
 - virtual_space_node_default_size: 8388608.
 - enlarge_chunks_in_place: 1.
 - new_chunks_are_fully_committed: 0.
 - uncommit_free_chunks: 1.
 - use_allocation_guard: 0.
 - handle_deallocations: 1.


Internal statistics:

num_allocs_failed_limit: 0.
num_arena_births: 14.
num_arena_deaths: 0.
num_vsnodes_births: 2.
num_vsnodes_deaths: 0.
num_space_committed: 23.
num_space_uncommitted: 0.
num_chunks_returned_to_freelist: 0.
num_chunks_taken_from_freelist: 17.
num_chunk_merges: 0.
num_chunk_splits: 11.
num_chunks_enlarged: 6.
num_inconsistent_stats: 0.

CodeCache: size=49152Kb used=4043Kb max_used=4043Kb free=45108Kb
 bounds [0x00000240bced0000, 0x00000240bd2d0000, 0x00000240bfed0000]
 total_blobs=930 nmethods=516 adapters=338
 compilation: disabled (not enough contiguous free space left)
              stopped_count=1, restarted_count=0
 full_count=1

Compilation events (20 events):
Event: 0.132 Thread 0x00000240e9c41b20  494       1       java.lang.invoke.MemberName::testAllFlags (7 bytes)
Event: 0.132 Thread 0x00000240c0c67820  495       1       java.lang.invoke.MethodType::checkSlotCount (33 bytes)
Event: 0.132 Thread 0x00000240e9c462e0  496       1       java.lang.invoke.MethodType::parameterType (7 bytes)
Event: 0.132 Thread 0x00000240e9c41b20 nmethod 494 0x00000240bd2ba090 code [0x00000240bd2ba220, 0x00000240bd2ba2f8]
Event: 0.132 Thread 0x00000240e9c462e0 nmethod 496 0x00000240bd2ba790 code [0x00000240bd2ba920, 0x00000240bd2baa18]
Event: 0.132 Thread 0x00000240c0c67820 nmethod 495 0x00000240bd2bb110 code [0x00000240bd2bb300, 0x00000240bd2bb6b8]
Event: 0.132 Thread 0x00000240c0c67820  503       1       java.lang.invoke.MethodType::equals (56 bytes)
Event: 0.132 Thread 0x00000240e9c41600  504       1       java.lang.invoke.MemberName::initResolved (53 bytes)
Event: 0.133 Thread 0x00000240e9c41600 nmethod 504 0x00000240bd2bc190 code [0x00000240bd2bc320, 0x00000240bd2bc438]
Event: 0.133 Thread 0x00000240e9c41b20  506       1       java.lang.invoke.MethodType$ConcurrentWeakInternSet$WeakEntry::hashCode (5 bytes)
Event: 0.133 Thread 0x00000240e9c41b20 nmethod 506 0x00000240bd2bc990 code [0x00000240bd2bcb20, 0x00000240bd2bcbf8]
Event: 0.133 Thread 0x00000240c0c67820 nmethod 503 0x00000240bd2bcf90 code [0x00000240bd2bd160, 0x00000240bd2bd558]
Event: 0.133 Thread 0x00000240e9c41b20  509       1       jdk.internal.org.objectweb.asm.SymbolTable::get (13 bytes)
Event: 0.133 Thread 0x00000240c0c67820  510       1       java.util.Arrays::equals (57 bytes)
Event: 0.133 Thread 0x00000240e9c41b20 nmethod 509 0x00000240bd2bd710 code [0x00000240bd2bd8a0, 0x00000240bd2bd9b8]
Event: 0.133 Thread 0x00000240e9c41b20  511       1       jdk.internal.org.objectweb.asm.ByteVector::putUTF8 (144 bytes)
Event: 0.133 Thread 0x00000240e9c41600  512       1       jdk.internal.org.objectweb.asm.SymbolTable::hash (10 bytes)
Event: 0.133 Thread 0x00000240e9c41600 nmethod 512 0x00000240bd2bda90 code [0x00000240bd2bdc20, 0x00000240bd2bdce8]
Event: 0.133 Thread 0x00000240c0c67820 nmethod 510 0x00000240bd2bdd90 code [0x00000240bd2bdf40, 0x00000240bd2be1c8]
Event: 0.133 Thread 0x00000240e9c41b20 nmethod 511 0x00000240bd2be310 code [0x00000240bd2be500, 0x00000240bd2be9c8]

GC Heap History (0 events):
No events

Dll operation events (11 events):
Event: 0.004 Loaded shared library C:\Users\Juanma\.jdks\temurin-17.0.13\bin\java.dll
Event: 0.017 Loaded shared library C:\Users\Juanma\.jdks\temurin-17.0.13\bin\jsvml.dll
Event: 0.072 Loaded shared library C:\Users\Juanma\.jdks\temurin-17.0.13\bin\zip.dll
Event: 0.073 Loaded shared library C:\Users\Juanma\.jdks\temurin-17.0.13\bin\instrument.dll
Event: 0.075 Loaded shared library C:\Users\Juanma\.jdks\temurin-17.0.13\bin\net.dll
Event: 0.076 Loaded shared library C:\Users\Juanma\.jdks\temurin-17.0.13\bin\nio.dll
Event: 0.076 Loaded shared library C:\Users\Juanma\.jdks\temurin-17.0.13\bin\zip.dll
Event: 0.103 Loaded shared library C:\Users\Juanma\.jdks\temurin-17.0.13\bin\jimage.dll
Event: 0.130 Loaded shared library C:\Program Files\JetBrains\IntelliJ IDEA 2024.3\bin\breakgen64.dll
Event: 0.135 Loaded shared library C:\Users\Juanma\.jdks\temurin-17.0.13\bin\extnet.dll
Event: 0.138 Loaded shared library C:\Users\Juanma\.jdks\temurin-17.0.13\bin\management.dll

Deoptimization events (0 events):
No events

Classes loaded (20 events):
Event: 0.140 Loading class com/sun/jmx/mbeanserver/SecureClassLoaderRepository done
Event: 0.140 Loading class com/sun/jmx/mbeanserver/JmxMBeanServer$1
Event: 0.140 Loading class com/sun/jmx/mbeanserver/JmxMBeanServer$1 done
Event: 0.140 Loading class com/sun/jmx/mbeanserver/Repository
Event: 0.140 Loading class com/sun/jmx/mbeanserver/Repository done
Event: 0.140 Loading class java/util/concurrent/locks/ReentrantReadWriteLock
Event: 0.140 Loading class java/util/concurrent/locks/ReadWriteLock
Event: 0.140 Loading class java/util/concurrent/locks/ReadWriteLock done
Event: 0.140 Loading class java/util/concurrent/locks/ReentrantReadWriteLock done
Event: 0.140 Loading class java/util/concurrent/locks/ReentrantReadWriteLock$FairSync
Event: 0.140 Loading class java/util/concurrent/locks/ReentrantReadWriteLock$Sync
Event: 0.140 Loading class java/util/concurrent/locks/ReentrantReadWriteLock$Sync done
Event: 0.140 Loading class java/util/concurrent/locks/ReentrantReadWriteLock$FairSync done
Event: 0.140 Loading class java/util/concurrent/locks/ReentrantReadWriteLock$Sync$ThreadLocalHoldCounter
Event: 0.140 Loading class java/util/concurrent/locks/ReentrantReadWriteLock$Sync$ThreadLocalHoldCounter done
Event: 0.140 Loading class java/util/concurrent/locks/ReentrantReadWriteLock$ReadLock
Event: 0.140 Loading class java/util/concurrent/locks/ReentrantReadWriteLock$ReadLock done
Event: 0.140 Loading class java/util/concurrent/locks/ReentrantReadWriteLock$WriteLock
Event: 0.140 Loading class java/util/concurrent/locks/ReentrantReadWriteLock$WriteLock done
Event: 0.140 Loading class com/sun/jmx/interceptor/DefaultMBeanServerInterceptor

Classes unloaded (0 events):
No events

Classes redefined (0 events):
No events

Internal exceptions (2 events):
Event: 0.132 Thread 0x000002412f652a20 Exception <a 'java/lang/NoSuchMethodError'{0x000000044b9efa40}: 'java.lang.Object java.lang.invoke.DirectMethodHandle$Holder.invokeStaticInit(java.lang.Object)'> (0x000000044b9efa40) 
thrown [s\src\hotspot\share\interpreter\linkResolver.cpp, line 759]
Event: 0.136 Thread 0x000002412f652a20 Exception <a 'java/lang/NoSuchMethodError'{0x000000044b9fd640}: 'void java.lang.invoke.DirectMethodHandle$Holder.invokeStatic(java.lang.Object, java.lang.Object)'> (0x000000044b9fd640) 
thrown [s\src\hotspot\share\interpreter\linkResolver.cpp, line 759]

VM Operations (4 events):
Event: 0.067 Executing VM operation: HandshakeAllThreads
Event: 0.067 Executing VM operation: HandshakeAllThreads done
Event: 0.132 Executing VM operation: HandshakeAllThreads
Event: 0.132 Executing VM operation: HandshakeAllThreads done

Memory protections (0 events):
No events

Nmethod flushes (0 events):
No events

Events (16 events):
Event: 0.018 Thread 0x00000240b53a9810 Thread added: 0x00000240b53a9810
Event: 0.019 Thread 0x00000240b53a9810 Thread added: 0x00000240c0c80940
Event: 0.019 Thread 0x00000240b53a9810 Thread added: 0x00000240c0c81500
Event: 0.023 Thread 0x00000240b53a9810 Thread added: 0x00000240e9a89f80
Event: 0.023 Thread 0x00000240b53a9810 Thread added: 0x00000240e9a8a750
Event: 0.023 Thread 0x00000240b53a9810 Thread added: 0x00000240e9a8e130
Event: 0.023 Thread 0x00000240b53a9810 Thread added: 0x00000240e9a912a0
Event: 0.023 Thread 0x00000240b53a9810 Thread added: 0x00000240e9a91d10
Event: 0.024 Thread 0x00000240b53a9810 Thread added: 0x00000240e9a96b50
Event: 0.064 Thread 0x00000240b53a9810 Thread added: 0x00000240c0c66f40
Event: 0.066 Thread 0x00000240e9a91d10 Thread added: 0x00000240c0c67820
Event: 0.067 Thread 0x00000240e9a91d10 Thread added: 0x00000240e9c41600
Event: 0.067 Thread 0x00000240c0c67820 Thread added: 0x00000240e9c41b20
Event: 0.068 Thread 0x00000240e9c41b20 Thread added: 0x00000240e9c462e0
Event: 0.131 Thread 0x00000240b53a9810 Thread added: 0x000002412f652a20
Event: 0.131 Thread 0x00000240b53a9810 Thread added: 0x000002412f6634c0


Dynamic libraries:
0x00007ff7b78e0000 - 0x00007ff7b78ee000 	C:\Users\Juanma\.jdks\temurin-17.0.13\bin\java.exe
0x00007ff9e3f70000 - 0x00007ff9e4168000 	C:\Windows\SYSTEM32\ntdll.dll
0x00007ff9e2fa0000 - 0x00007ff9e3062000 	C:\Windows\System32\KERNEL32.DLL
0x00007ff9e18c0000 - 0x00007ff9e1bb6000 	C:\Windows\System32\KERNELBASE.dll
0x00007ff9e1bc0000 - 0x00007ff9e1cc0000 	C:\Windows\System32\ucrtbase.dll
0x00007ff9d6800000 - 0x00007ff9d6817000 	C:\Users\Juanma\.jdks\temurin-17.0.13\bin\jli.dll
0x00007ff9d6720000 - 0x00007ff9d673e000 	C:\Users\Juanma\.jdks\temurin-17.0.13\bin\VCRUNTIME140.dll
0x00007ff9e3360000 - 0x00007ff9e34fd000 	C:\Windows\System32\USER32.dll
0x00007ff9e1cc0000 - 0x00007ff9e1ce2000 	C:\Windows\System32\win32u.dll
0x00007ff9c8b50000 - 0x00007ff9c8dea000 	C:\Windows\WinSxS\amd64_microsoft.windows.common-controls_6595b64144ccf1df_6.0.19041.4355_none_60b8b9eb71f62e16\COMCTL32.dll
0x00007ff9e2b30000 - 0x00007ff9e2b5b000 	C:\Windows\System32\GDI32.dll
0x00007ff9e3070000 - 0x00007ff9e310e000 	C:\Windows\System32\msvcrt.dll
0x00007ff9e1600000 - 0x00007ff9e171a000 	C:\Windows\System32\gdi32full.dll
0x00007ff9e1720000 - 0x00007ff9e17bd000 	C:\Windows\System32\msvcp_win.dll
0x00007ff9e3200000 - 0x00007ff9e322f000 	C:\Windows\System32\IMM32.DLL
0x00007ff9dcba0000 - 0x00007ff9dcbac000 	C:\Users\Juanma\.jdks\temurin-17.0.13\bin\vcruntime140_1.dll
0x00007ff9bd380000 - 0x00007ff9bd40d000 	C:\Users\Juanma\.jdks\temurin-17.0.13\bin\msvcp140.dll
0x00007ff98ed60000 - 0x00007ff98f9cb000 	C:\Users\Juanma\.jdks\temurin-17.0.13\bin\server\jvm.dll
0x00007ff9e3710000 - 0x00007ff9e37bf000 	C:\Windows\System32\ADVAPI32.dll
0x00007ff9e3590000 - 0x00007ff9e362f000 	C:\Windows\System32\sechost.dll
0x00007ff9e23f0000 - 0x00007ff9e2513000 	C:\Windows\System32\RPCRT4.dll
0x00007ff9e1d80000 - 0x00007ff9e1da7000 	C:\Windows\System32\bcrypt.dll
0x00007ff9e2050000 - 0x00007ff9e20bb000 	C:\Windows\System32\WS2_32.dll
0x00007ff9e1190000 - 0x00007ff9e11db000 	C:\Windows\SYSTEM32\POWRPROF.dll
0x00007ff9d8b10000 - 0x00007ff9d8b1a000 	C:\Windows\SYSTEM32\VERSION.dll
0x00007ff9d8f80000 - 0x00007ff9d8fa7000 	C:\Windows\SYSTEM32\WINMM.dll
0x00007ff9e1150000 - 0x00007ff9e1162000 	C:\Windows\SYSTEM32\UMPDC.dll
0x00007ff9df460000 - 0x00007ff9df472000 	C:\Windows\SYSTEM32\kernel.appcore.dll
0x00007ff9dc790000 - 0x00007ff9dc79a000 	C:\Users\Juanma\.jdks\temurin-17.0.13\bin\jimage.dll
0x00007ff9d7ed0000 - 0x00007ff9d80b4000 	C:\Windows\SYSTEM32\DBGHELP.DLL
0x00007ff9d0ee0000 - 0x00007ff9d0f14000 	C:\Windows\SYSTEM32\dbgcore.DLL
0x00007ff9e1cf0000 - 0x00007ff9e1d72000 	C:\Windows\System32\bcryptPrimitives.dll
0x00007ff9dec40000 - 0x00007ff9dec4e000 	C:\Users\Juanma\.jdks\temurin-17.0.13\bin\instrument.dll
0x00007ff9dec50000 - 0x00007ff9dec75000 	C:\Users\Juanma\.jdks\temurin-17.0.13\bin\java.dll
0x00007ff9a8030000 - 0x00007ff9a8107000 	C:\Users\Juanma\.jdks\temurin-17.0.13\bin\jsvml.dll
0x00007ff9e37c0000 - 0x00007ff9e3f2f000 	C:\Windows\System32\SHELL32.dll
0x00007ff9df660000 - 0x00007ff9dfe03000 	C:\Windows\SYSTEM32\windows.storage.dll
0x00007ff9e2c20000 - 0x00007ff9e2f75000 	C:\Windows\System32\combase.dll
0x00007ff9e0fc0000 - 0x00007ff9e0feb000 	C:\Windows\SYSTEM32\Wldp.dll
0x00007ff9e20c0000 - 0x00007ff9e218d000 	C:\Windows\System32\OLEAUT32.dll
0x00007ff9e2340000 - 0x00007ff9e23ed000 	C:\Windows\System32\SHCORE.dll
0x00007ff9e2640000 - 0x00007ff9e2695000 	C:\Windows\System32\shlwapi.dll
0x00007ff9e1530000 - 0x00007ff9e1555000 	C:\Windows\SYSTEM32\profapi.dll
0x00007ff9cafe0000 - 0x00007ff9caff8000 	C:\Users\Juanma\.jdks\temurin-17.0.13\bin\zip.dll
0x00007ff9dcbb0000 - 0x00007ff9dcbc9000 	C:\Users\Juanma\.jdks\temurin-17.0.13\bin\net.dll
0x00007ff9d8df0000 - 0x00007ff9d8efa000 	C:\Windows\SYSTEM32\WINHTTP.dll
0x00007ff9e0ca0000 - 0x00007ff9e0d0c000 	C:\Windows\system32\mswsock.dll
0x00007ff9db3a0000 - 0x00007ff9db3b6000 	C:\Users\Juanma\.jdks\temurin-17.0.13\bin\nio.dll
0x00007ff9cafc0000 - 0x00007ff9cafda000 	C:\Program Files\JetBrains\IntelliJ IDEA 2024.3\bin\breakgen64.dll
0x00007ff9e09b0000 - 0x00007ff9e0a7a000 	C:\Windows\SYSTEM32\DNSAPI.dll
0x00007ff9db5b0000 - 0x00007ff9db5ba000 	C:\Windows\System32\rasadhlp.dll
0x00007ff9dafc0000 - 0x00007ff9db040000 	C:\Windows\System32\fwpuclnt.dll
0x00007ff9dc6d0000 - 0x00007ff9dc6d9000 	C:\Users\Juanma\.jdks\temurin-17.0.13\bin\extnet.dll
0x00007ff9db390000 - 0x00007ff9db39a000 	C:\Users\Juanma\.jdks\temurin-17.0.13\bin\management.dll

dbghelp: loaded successfully - version: 4.0.5 - missing functions: none
symbol engine: initialized successfully - sym options: 0x614 - pdb path: .;C:\Users\Juanma\.jdks\temurin-17.0.13\bin;C:\Windows\SYSTEM32;C:\Windows\WinSxS\amd64_microsoft.windows.common-controls_6595b64144ccf1df_6.0.19041.4355_none_60b8b9eb71f62e16;C:\Users\Juanma\.jdks\temurin-17.0.13\bin\server;C:\Program Files\JetBrains\IntelliJ IDEA 2024.3\bin

VM Arguments:
jvm_args: -XX:TieredStopAtLevel=1 -Dspring.output.ansi.enabled=always -Dcom.sun.management.jmxremote -Dspring.jmx.enabled=true -Dspring.liveBeansView.mbeanDomain -Dspring.application.admin.enabled=true -Dmanagement.endpoints.jmx.exposure.include=* -javaagent:C:\Program Files\JetBrains\IntelliJ IDEA 2024.3\lib\idea_rt.jar=60730:C:\Program Files\JetBrains\IntelliJ IDEA 2024.3\bin -Dfile.encoding=UTF-8 
java_command: com.bolsadeideas.springboot.app.SpringBootDataJpaApplication
java_class_path (initial): C:\Users\Juanma\IdeaProjects\joyeria\target\classes;C:\Users\Juanma\.m2\repository\com\cloudinary\cloudinary-http44\1.32.0\cloudinary-http44-1.32.0.jar;C:\Users\Juanma\.m2\repository\com\cloudinary\cloudinary-core\1.32.0\cloudinary-core-1.32.0.jar;C:\Users\Juanma\.m2\repository\org\apache\commons\commons-lang3\3.12.0\commons-lang3-3.12.0.jar;C:\Users\Juanma\.m2\repository\org\apache\httpcomponents\httpclient\4.5.13\httpclient-4.5.13.jar;C:\Users\Juanma\.m2\repository\org\apache\httpcomponents\httpmime\4.5.13\httpmime-4.5.13.jar;C:\Users\Juanma\.m2\repository\org\springframework\session\spring-session-core\2.5.3\spring-session-core-2.5.3.jar;C:\Users\Juanma\.m2\repository\org\springframework\spring-jcl\5.3.12\spring-jcl-5.3.12.jar;C:\Users\Juanma\.m2\repository\org\springframework\boot\spring-boot-starter-validation\2.5.6\spring-boot-starter-validation-2.5.6.jar;C:\Users\Juanma\.m2\repository\org\springframework\boot\spring-boot-starter\2.5.6\spring-boot-starter-2.5.6.jar;C:\Users\Juanma\.m2\repository\org\springframework\boot\spring-boot-starter-logging\2.5.6\spring-boot-starter-logging-2.5.6.jar;C:\Users\Juanma\.m2\repository\ch\qos\logback\logback-classic\1.2.6\logback-classic-1.2.6.jar;C:\Users\Juanma\.m2\repository\ch\qos\logback\logback-core\1.2.6\logback-core-1.2.6.jar;C:\Users\Juanma\.m2\repository\org\apache\logging\log4j\log4j-to-slf4j\2.14.1\log4j-to-slf4j-2.14.1.jar;C:\Users\Juanma\.m2\repository\org\apache\logging\log4j\log4j-api\2.14.1\log4j-api-2.14.1.jar;C:\Users\Juanma\.m2\repository\org\slf4j\jul-to-slf4j\1.7.32\jul-to-slf4j-1.7.32.jar;C:\Users\Juanma\.m2\repository\jakarta\annotation\jakarta.annotation-api\1.3.5\jakarta.annotation-api-1.3.5.jar;C:\Users\Juanma\.m2\repository\org\yaml\snakeyaml\1.28\snakeyaml-1.28.jar;C:\Users\Juanma\.m2\repository\org\apache\tomcat\embed\tomcat-embed-el\9.0.54\tomcat-embed-el-9.0.54.jar;C:\Users\Juanma\.m2\repository\org\hibernate\validator\hibernate-validator\6.2.0.Final\hibernate-vali
Launcher Type: SUN_STANDARD

[Global flags]
     intx CICompilerCount                          = 12                                        {product} {ergonomic}
     uint ConcGCThreads                            = 5                                         {product} {ergonomic}
     uint G1ConcRefinementThreads                  = 18                                        {product} {ergonomic}
   size_t G1HeapRegionSize                         = 8388608                                   {product} {ergonomic}
    uintx GCDrainStackTargetSize                   = 64                                        {product} {ergonomic}
   size_t InitialHeapSize                          = 1065353216                                {product} {ergonomic}
     bool ManagementServer                         = true                                      {product} {command line}
   size_t MarkStackSize                            = 4194304                                   {product} {ergonomic}
   size_t MaxHeapSize                              = 16953376768                               {product} {ergonomic}
   size_t MaxNewSize                               = 10166992896                               {product} {ergonomic}
   size_t MinHeapDeltaBytes                        = 8388608                                   {product} {ergonomic}
   size_t MinHeapSize                              = 8388608                                   {product} {ergonomic}
    uintx NonProfiledCodeHeapSize                  = 0                                      {pd product} {ergonomic}
     bool ProfileInterpreter                       = false                                  {pd product} {command line}
    uintx ProfiledCodeHeapSize                     = 0                                      {pd product} {ergonomic}
   size_t SoftMaxHeapSize                          = 16953376768                            {manageable} {ergonomic}
     intx TieredStopAtLevel                        = 1                                         {product} {command line}
     bool UseCompressedClassPointers               = true                           {product lp64_product} {ergonomic}
     bool UseCompressedOops                        = true                           {product lp64_product} {ergonomic}
     bool UseG1GC                                  = true                                      {product} {ergonomic}
     bool UseLargePagesIndividualAllocation        = false                                  {pd product} {ergonomic}

Logging:
Log output configuration:
 #0: stdout all=warning uptime,level,tags
 #1: stderr all=off uptime,level,tags

Environment Variables:
JAVA_HOME=C:\Program Files\Java\jdk-17\bin
PATH=C:\Program Files (x86)\Common Files\Oracle\Java\java8path;C:\Program Files (x86)\Common Files\Oracle\Java\javapath;C:\Windows\system32;C:\Windows;C:\Windows\System32\Wbem;C:\Windows\System32\WindowsPowerShell\v1.0\;C:\Windows\System32\OpenSSH\;C:\Program Files\dotnet\;C:\Program Files\Git\cmd;C:\apache-maven-3.9.9\bin;C:\Users\Juanma\AppData\Local\Programs\Python\Python313\Scripts\;C:\Users\Juanma\AppData\Local\Programs\Python\Python313\;C:\Users\Juanma\AppData\Local\Programs\Python\Python310\Scripts\;C:\Users\Juanma\AppData\Local\Programs\Python\Python310\;C:\Users\Juanma\AppData\Local\Programs\Python\Launcher\;C:\Users\Juanma\AppData\Local\Microsoft\WindowsApps;C:\Program Files\JetBrains\IntelliJ IDEA 2024.3\bin;;C:\Program Files\JetBrains\PyCharm 2024.3\bin;;C:\apache-maven\bin;C:\Program Files\heroku\bin
USERNAME=Juanma
OS=Windows_NT
PROCESSOR_IDENTIFIER=AMD64 Family 25 Model 97 Stepping 2, AuthenticAMD
TMP=C:\Users\Juanma\AppData\Local\Temp
TEMP=C:\Users\Juanma\AppData\Local\Temp



Periodic native trim disabled


---------------  S Y S T E M  ---------------

OS:
 Windows 10 , 64 bit Build 19041 (10.0.19041.5678)
OS uptime: 9 days 2:14 hours
Hyper-V role detected

CPU: total 24 (initial active 24) (24 cores per cpu, 2 threads per core) family 25 model 97 stepping 2 microcode 0x0, cx8, cmov, fxsr, ht, mmx, 3dnowpref, sse, sse2, sse3, ssse3, sse4a, sse4.1, sse4.2, popcnt, lzcnt, tsc, tscinvbit, avx, avx2, aes, erms, clmul, bmi1, bmi2, adx, avx512f, avx512dq, avx512cd, avx512bw, avx512vl, sha, fma, vzeroupper, avx512_vpopcntdq, avx512_vpclmulqdq, avx512_vaes, avx512_vnni, clflush, clflushopt, avx512_vbmi2, avx512_vbmi, hv
Processor Information for all 24 processors :
  Max Mhz: 3701, Current Mhz: 3701, Mhz Limit: 3701

Memory: 4k page, system-wide physical 64660M (1674M free)
TotalPageFile size 183814M (AvailPageFile size 0M)
current process WorkingSet (physical memory assigned to process): 54M, peak: 54M
current process commit charge ("private bytes"): 1161M, peak: 1161M

vm_info: OpenJDK 64-Bit Server VM (17.0.13+11) for windows-amd64 JRE (17.0.13+11), built on Oct 16 2024 00:10:08 by "admin" with MS VC++ 17.7 (VS2022)

END.
