#
# There is insufficient memory for the Java Runtime Environment to continue.
# Native memory allocation (mmap) failed to map 1065353216 bytes. Error detail: G1 virtual space
# Possible reasons:
#   The system is out of physical RAM or swap space
#   This process is running with CompressedOops enabled, and the Java Heap may be blocking the growth of the native heap
# Possible solutions:
#   Reduce memory load on the system
#   Increase physical memory or swap space
#   Check if swap backing store is full
#   Decrease Java heap size (-Xmx/-Xms)
#   Decrease number of Java threads
#   Decrease Java thread stack sizes (-Xss)
#   Set larger code cache with -XX:ReservedCodeCacheSize=
#   JVM is running with Zero Based Compressed Oops mode in which the Java heap is
#     placed in the first 32GB address space. The Java Heap base address is the
#     maximum limit for the native heap growth. Please use -XX:HeapBaseMinAddress
#     to set the Java Heap base and to place the Java Heap above 32GB virtual address.
# This output file may be truncated or incomplete.
#
#  Out of Memory Error (os_windows.cpp:3614), pid=671404, tid=686988
#
# JRE version:  (17.0.13+11) (build )
# Java VM: OpenJDK 64-Bit Server VM (17.0.13+11, mixed mode, emulated-client, sharing, tiered, compressed oops, compressed class ptrs, g1 gc, windows-amd64)
# No core dump will be written. Minidumps are not enabled by default on client versions of Windows
#

---------------  S U M M A R Y ------------

Command Line: -XX:TieredStopAtLevel=1 -Dspring.output.ansi.enabled=always -Dcom.sun.management.jmxremote -Dspring.jmx.enabled=true -Dspring.liveBeansView.mbeanDomain -Dspring.application.admin.enabled=true -Dmanagement.endpoints.jmx.exposure.include=* -javaagent:C:\Program Files\JetBrains\IntelliJ IDEA 2024.3\lib\idea_rt.jar=57220:C:\Program Files\JetBrains\IntelliJ IDEA 2024.3\bin -Dfile.encoding=UTF-8 com.bolsadeideas.springboot.app.SpringBootDataJpaApplication

Host: AMD Ryzen 9 7900 12-Core Processor             , 24 cores, 63G,  Windows 10 , 64 bit Build 19041 (10.0.19041.5678)
Time: Sat May  3 00:02:39 2025 Hora de verano romance elapsed time: 0.005042 seconds (0d 0h 0m 0s)

---------------  T H R E A D  ---------------

Current thread (0x00000149ba859d70):  JavaThread "Unknown thread" [_thread_in_vm, id=686988, stack(0x000000011b600000,0x000000011b700000)]

Stack: [0x000000011b600000,0x000000011b700000]
Native frames: (J=compiled Java code, j=interpreted, Vv=VM code, C=native code)
V  [jvm.dll+0x682a19]
V  [jvm.dll+0x839538]
V  [jvm.dll+0x83afe3]
V  [jvm.dll+0x83b653]
V  [jvm.dll+0x24704f]
V  [jvm.dll+0x67f809]
V  [jvm.dll+0x6746fa]
V  [jvm.dll+0x304a96]
V  [jvm.dll+0x30bf56]
V  [jvm.dll+0x35da5e]
V  [jvm.dll+0x35dc9d]
V  [jvm.dll+0x2dbe5c]
V  [jvm.dll+0x2dcd74]
V  [jvm.dll+0x80b44b]
V  [jvm.dll+0x36b491]
V  [jvm.dll+0x7e9e3f]
V  [jvm.dll+0x3f1d7f]
V  [jvm.dll+0x3f38b1]
C  [jli.dll+0x5278]
C  [ucrtbase.dll+0x21bb2]
C  [KERNEL32.DLL+0x17374]
C  [ntdll.dll+0x4cc91]


---------------  P R O C E S S  ---------------

Threads class SMR info:
_java_thread_list=0x00007ff98f897f58, length=0, elements={
}

Java Threads: ( => current thread )

Other Threads:
  0x00000149c5fafca0 GCTaskThread "GC Thread#0" [stack: 0x000000011b700000,0x000000011b800000] [id=686996]
  0x00000149ba8dbc60 ConcurrentGCThread "G1 Main Marker" [stack: 0x000000011b800000,0x000000011b900000] [id=687004]
  0x00000149ba8dc680 ConcurrentGCThread "G1 Conc#0" [stack: 0x000000011b900000,0x000000011ba00000] [id=687000]

[error occurred during error reporting (printing all threads), id 0xc0000005, EXCEPTION_ACCESS_VIOLATION (0xc0000005) at pc=0x00007ff98f04c987]

VM state: not at safepoint (not fully initialized)

VM Mutex/Monitor currently owned by a thread:  ([mutex/lock_event])
[0x00000149ba855270] Heap_lock - owner thread: 0x00000149ba859d70

Heap address: 0x000000040d800000, size: 16168 MB, Compressed Oops mode: Zero based, Oop shift amount: 3

CDS archive(s) mapped at: [0x0000000000000000-0x0000000000000000-0x0000000000000000), size 0, SharedBaseAddress: 0x0000000800000000, ArchiveRelocationMode: 1.
Narrow klass base: 0x0000000000000000, Narrow klass shift: 0, Narrow klass range: 0x0

GC Precious Log:
<Empty>

Heap:
 garbage-first heap   total 0K, used 0K [0x000000040d800000, 0x0000000800000000)
  region size 8192K, 0 young (0K), 0 survivors (0K)

[error occurred during error reporting (printing heap information), id 0xc0000005, EXCEPTION_ACCESS_VIOLATION (0xc0000005) at pc=0x00007ff98f43c179]

GC Heap History (0 events):
No events

Dll operation events (1 events):
Event: 0.003 Loaded shared library C:\Users\Juanma\.jdks\temurin-17.0.13\bin\java.dll

Deoptimization events (0 events):
No events

Classes loaded (0 events):
No events

Classes unloaded (0 events):
No events

Classes redefined (0 events):
No events

Internal exceptions (0 events):
No events

VM Operations (0 events):
No events

Memory protections (0 events):
No events

Nmethod flushes (0 events):
No events

Events (0 events):
No events


Dynamic libraries:
0x00007ff7b78e0000 - 0x00007ff7b78ee000 	C:\Users\Juanma\.jdks\temurin-17.0.13\bin\java.exe
0x00007ff9e3f70000 - 0x00007ff9e4168000 	C:\Windows\SYSTEM32\ntdll.dll
0x00007ff9e2fa0000 - 0x00007ff9e3062000 	C:\Windows\System32\KERNEL32.DLL
0x00007ff9e18c0000 - 0x00007ff9e1bb6000 	C:\Windows\System32\KERNELBASE.dll
0x00007ff9e1bc0000 - 0x00007ff9e1cc0000 	C:\Windows\System32\ucrtbase.dll
0x00007ff9dec60000 - 0x00007ff9dec77000 	C:\Users\Juanma\.jdks\temurin-17.0.13\bin\jli.dll
0x00007ff9dec40000 - 0x00007ff9dec5e000 	C:\Users\Juanma\.jdks\temurin-17.0.13\bin\VCRUNTIME140.dll
0x00007ff9e3360000 - 0x00007ff9e34fd000 	C:\Windows\System32\USER32.dll
0x00007ff9e1cc0000 - 0x00007ff9e1ce2000 	C:\Windows\System32\win32u.dll
0x00007ff9c8b50000 - 0x00007ff9c8dea000 	C:\Windows\WinSxS\amd64_microsoft.windows.common-controls_6595b64144ccf1df_6.0.19041.4355_none_60b8b9eb71f62e16\COMCTL32.dll
0x00007ff9e2b30000 - 0x00007ff9e2b5b000 	C:\Windows\System32\GDI32.dll
0x00007ff9e3070000 - 0x00007ff9e310e000 	C:\Windows\System32\msvcrt.dll
0x00007ff9e1600000 - 0x00007ff9e171a000 	C:\Windows\System32\gdi32full.dll
0x00007ff9e1720000 - 0x00007ff9e17bd000 	C:\Windows\System32\msvcp_win.dll
0x00007ff9e3200000 - 0x00007ff9e322f000 	C:\Windows\System32\IMM32.DLL
0x00007ff9dcbc0000 - 0x00007ff9dcbcc000 	C:\Users\Juanma\.jdks\temurin-17.0.13\bin\vcruntime140_1.dll
0x00007ff9bd380000 - 0x00007ff9bd40d000 	C:\Users\Juanma\.jdks\temurin-17.0.13\bin\msvcp140.dll
0x00007ff98ed60000 - 0x00007ff98f9cb000 	C:\Users\Juanma\.jdks\temurin-17.0.13\bin\server\jvm.dll
0x00007ff9e3710000 - 0x00007ff9e37bf000 	C:\Windows\System32\ADVAPI32.dll
0x00007ff9e3590000 - 0x00007ff9e362f000 	C:\Windows\System32\sechost.dll
0x00007ff9e23f0000 - 0x00007ff9e2513000 	C:\Windows\System32\RPCRT4.dll
0x00007ff9e1d80000 - 0x00007ff9e1da7000 	C:\Windows\System32\bcrypt.dll
0x00007ff9e2050000 - 0x00007ff9e20bb000 	C:\Windows\System32\WS2_32.dll
0x00007ff9e1190000 - 0x00007ff9e11db000 	C:\Windows\SYSTEM32\POWRPROF.dll
0x00007ff9d8b10000 - 0x00007ff9d8b1a000 	C:\Windows\SYSTEM32\VERSION.dll
0x00007ff9d8f80000 - 0x00007ff9d8fa7000 	C:\Windows\SYSTEM32\WINMM.dll
0x00007ff9e1150000 - 0x00007ff9e1162000 	C:\Windows\SYSTEM32\UMPDC.dll
0x00007ff9df460000 - 0x00007ff9df472000 	C:\Windows\SYSTEM32\kernel.appcore.dll
0x00007ff9dcbb0000 - 0x00007ff9dcbba000 	C:\Users\Juanma\.jdks\temurin-17.0.13\bin\jimage.dll
0x00007ff9d7ed0000 - 0x00007ff9d80b4000 	C:\Windows\SYSTEM32\DBGHELP.DLL
0x00007ff9d0ee0000 - 0x00007ff9d0f14000 	C:\Windows\SYSTEM32\dbgcore.DLL
0x00007ff9e1cf0000 - 0x00007ff9e1d72000 	C:\Windows\System32\bcryptPrimitives.dll
0x00007ff9dcba0000 - 0x00007ff9dcbae000 	C:\Users\Juanma\.jdks\temurin-17.0.13\bin\instrument.dll
0x00007ff9db390000 - 0x00007ff9db3b5000 	C:\Users\Juanma\.jdks\temurin-17.0.13\bin\java.dll

dbghelp: loaded successfully - version: 4.0.5 - missing functions: none
symbol engine: initialized successfully - sym options: 0x614 - pdb path: .;C:\Users\Juanma\.jdks\temurin-17.0.13\bin;C:\Windows\SYSTEM32;C:\Windows\WinSxS\amd64_microsoft.windows.common-controls_6595b64144ccf1df_6.0.19041.4355_none_60b8b9eb71f62e16;C:\Users\Juanma\.jdks\temurin-17.0.13\bin\server

VM Arguments:
jvm_args: -XX:TieredStopAtLevel=1 -Dspring.output.ansi.enabled=always -Dcom.sun.management.jmxremote -Dspring.jmx.enabled=true -Dspring.liveBeansView.mbeanDomain -Dspring.application.admin.enabled=true -Dmanagement.endpoints.jmx.exposure.include=* -javaagent:C:\Program Files\JetBrains\IntelliJ IDEA 2024.3\lib\idea_rt.jar=57220:C:\Program Files\JetBrains\IntelliJ IDEA 2024.3\bin -Dfile.encoding=UTF-8 
java_command: com.bolsadeideas.springboot.app.SpringBootDataJpaApplication
java_class_path (initial): C:\Users\Juanma\IdeaProjects\joyeria\target\classes;C:\Users\Juanma\.m2\repository\com\cloudinary\cloudinary-http44\1.32.0\cloudinary-http44-1.32.0.jar;C:\Users\Juanma\.m2\repository\com\cloudinary\cloudinary-core\1.32.0\cloudinary-core-1.32.0.jar;C:\Users\Juanma\.m2\repository\org\apache\commons\commons-lang3\3.12.0\commons-lang3-3.12.0.jar;C:\Users\Juanma\.m2\repository\org\apache\httpcomponents\httpclient\4.5.13\httpclient-4.5.13.jar;C:\Users\Juanma\.m2\repository\org\apache\httpcomponents\httpmime\4.5.13\httpmime-4.5.13.jar;C:\Users\Juanma\.m2\repository\org\springframework\session\spring-session-core\2.5.3\spring-session-core-2.5.3.jar;C:\Users\Juanma\.m2\repository\org\springframework\spring-jcl\5.3.12\spring-jcl-5.3.12.jar;C:\Users\Juanma\.m2\repository\org\springframework\boot\spring-boot-starter-validation\2.5.6\spring-boot-starter-validation-2.5.6.jar;C:\Users\Juanma\.m2\repository\org\springframework\boot\spring-boot-starter\2.5.6\spring-boot-starter-2.5.6.jar;C:\Users\Juanma\.m2\repository\org\springframework\boot\spring-boot-starter-logging\2.5.6\spring-boot-starter-logging-2.5.6.jar;C:\Users\Juanma\.m2\repository\ch\qos\logback\logback-classic\1.2.6\logback-classic-1.2.6.jar;C:\Users\Juanma\.m2\repository\ch\qos\logback\logback-core\1.2.6\logback-core-1.2.6.jar;C:\Users\Juanma\.m2\repository\org\apache\logging\log4j\log4j-to-slf4j\2.14.1\log4j-to-slf4j-2.14.1.jar;C:\Users\Juanma\.m2\repository\org\apache\logging\log4j\log4j-api\2.14.1\log4j-api-2.14.1.jar;C:\Users\Juanma\.m2\repository\org\slf4j\jul-to-slf4j\1.7.32\jul-to-slf4j-1.7.32.jar;C:\Users\Juanma\.m2\repository\jakarta\annotation\jakarta.annotation-api\1.3.5\jakarta.annotation-api-1.3.5.jar;C:\Users\Juanma\.m2\repository\org\yaml\snakeyaml\1.28\snakeyaml-1.28.jar;C:\Users\Juanma\.m2\repository\org\apache\tomcat\embed\tomcat-embed-el\9.0.54\tomcat-embed-el-9.0.54.jar;C:\Users\Juanma\.m2\repository\org\hibernate\validator\hibernate-validator\6.2.0.Final\hibernate-vali
Launcher Type: SUN_STANDARD

[Global flags]
     intx CICompilerCount                          = 12                                        {product} {ergonomic}
     uint ConcGCThreads                            = 5                                         {product} {ergonomic}
     uint G1ConcRefinementThreads                  = 18                                        {product} {ergonomic}
   size_t G1HeapRegionSize                         = 8388608                                   {product} {ergonomic}
    uintx GCDrainStackTargetSize                   = 64                                        {product} {ergonomic}
   size_t InitialHeapSize                          = 1065353216                                {product} {ergonomic}
     bool ManagementServer                         = true                                      {product} {command line}
   size_t MarkStackSize                            = 4194304                                   {product} {ergonomic}
   size_t MaxHeapSize                              = 16953376768                               {product} {ergonomic}
   size_t MinHeapDeltaBytes                        = 8388608                                   {product} {ergonomic}
   size_t MinHeapSize                              = 8388608                                   {product} {ergonomic}
    uintx NonProfiledCodeHeapSize                  = 0                                      {pd product} {ergonomic}
     bool ProfileInterpreter                       = false                                  {pd product} {command line}
    uintx ProfiledCodeHeapSize                     = 0                                      {pd product} {ergonomic}
   size_t SoftMaxHeapSize                          = 16953376768                            {manageable} {ergonomic}
     intx TieredStopAtLevel                        = 1                                         {product} {command line}
     bool UseCompressedClassPointers               = true                           {product lp64_product} {ergonomic}
     bool UseCompressedOops                        = true                           {product lp64_product} {ergonomic}
     bool UseG1GC                                  = true                                      {product} {ergonomic}
     bool UseLargePagesIndividualAllocation        = false                                  {pd product} {ergonomic}

Logging:
Log output configuration:
 #0: stdout all=warning uptime,level,tags
 #1: stderr all=off uptime,level,tags

Environment Variables:
JAVA_HOME=C:\Program Files\Java\jdk-17\bin
PATH=C:\Program Files (x86)\Common Files\Oracle\Java\java8path;C:\Program Files (x86)\Common Files\Oracle\Java\javapath;C:\Windows\system32;C:\Windows;C:\Windows\System32\Wbem;C:\Windows\System32\WindowsPowerShell\v1.0\;C:\Windows\System32\OpenSSH\;C:\Program Files\dotnet\;C:\Program Files\Git\cmd;C:\apache-maven-3.9.9\bin;C:\Users\Juanma\AppData\Local\Programs\Python\Python313\Scripts\;C:\Users\Juanma\AppData\Local\Programs\Python\Python313\;C:\Users\Juanma\AppData\Local\Programs\Python\Python310\Scripts\;C:\Users\Juanma\AppData\Local\Programs\Python\Python310\;C:\Users\Juanma\AppData\Local\Programs\Python\Launcher\;C:\Users\Juanma\AppData\Local\Microsoft\WindowsApps;C:\Program Files\JetBrains\IntelliJ IDEA 2024.3\bin;;C:\Program Files\JetBrains\PyCharm 2024.3\bin;;C:\apache-maven\bin;C:\Program Files\heroku\bin
USERNAME=Juanma
OS=Windows_NT
PROCESSOR_IDENTIFIER=AMD64 Family 25 Model 97 Stepping 2, AuthenticAMD
TMP=C:\Users\Juanma\AppData\Local\Temp
TEMP=C:\Users\Juanma\AppData\Local\Temp



Periodic native trim disabled


---------------  S Y S T E M  ---------------

OS:
 Windows 10 , 64 bit Build 19041 (10.0.19041.5678)
OS uptime: 9 days 5:53 hours
Hyper-V role detected

CPU: total 24 (initial active 24) (24 cores per cpu, 2 threads per core) family 25 model 97 stepping 2 microcode 0x0, cx8, cmov, fxsr, ht, mmx, 3dnowpref, sse, sse2, sse3, ssse3, sse4a, sse4.1, sse4.2, popcnt, lzcnt, tsc, tscinvbit, avx, avx2, aes, erms, clmul, bmi1, bmi2, adx, avx512f, avx512dq, avx512cd, avx512bw, avx512vl, sha, fma, vzeroupper, avx512_vpopcntdq, avx512_vpclmulqdq, avx512_vaes, avx512_vnni, clflush, clflushopt, avx512_vbmi2, avx512_vbmi, hv
Processor Information for all 24 processors :
  Max Mhz: 3701, Current Mhz: 3701, Mhz Limit: 3701

Memory: 4k page, system-wide physical 64660M (1274M free)
TotalPageFile size 183814M (AvailPageFile size 689M)
current process WorkingSet (physical memory assigned to process): 11M, peak: 11M
current process commit charge ("private bytes"): 77M, peak: 1093M

vm_info: OpenJDK 64-Bit Server VM (17.0.13+11) for windows-amd64 JRE (17.0.13+11), built on Oct 16 2024 00:10:08 by "admin" with MS VC++ 17.7 (VS2022)

END.
